<?xml version="1.0" encoding="UTF-8"?>
<testng-results skipped="0" failed="0" ignored="0" total="3" passed="3">
  <reporter-output>
  </reporter-output>
  <suite name="Suite" duration-ms="20" started-at="2023-02-23T04:28:47Z" finished-at="2023-02-23T04:28:47Z">
    <groups>
    </groups>
    <test name="Test" duration-ms="20" started-at="2023-02-23T04:28:47Z" finished-at="2023-02-23T04:28:47Z">
      <class name="sample.mavendemo.Demo3">
        <test-method status="PASS" signature="demo3()[pri:0, instance:sample.mavendemo.Demo3@47542153]" name="demo3" duration-ms="0" started-at="2023-02-23T04:28:47Z" finished-at="2023-02-23T04:28:47Z">
          <reporter-output>
          </reporter-output>
        </test-method> <!-- demo3 -->
      </class> <!-- sample.mavendemo.Demo3 -->
      <class name="sample.mavendemo.Demo1">
        <test-method status="PASS" signature="demo1()[pri:0, instance:sample.mavendemo.Demo1@229d10bd]" name="demo1" duration-ms="0" started-at="2023-02-23T04:28:47Z" finished-at="2023-02-23T04:28:47Z">
          <reporter-output>
          </reporter-output>
        </test-method> <!-- demo1 -->
      </class> <!-- sample.mavendemo.Demo1 -->
      <class name="sample.mavendemo.Demo2">
        <test-method status="PASS" signature="demo2()[pri:0, instance:sample.mavendemo.Demo2@2ddc8ecb]" name="demo2" duration-ms="4" started-at="2023-02-23T04:28:47Z" finished-at="2023-02-23T04:28:47Z">
          <reporter-output>
          </reporter-output>
        </test-method> <!-- demo2 -->
      </class> <!-- sample.mavendemo.Demo2 -->
    </test> <!-- Test -->
  </suite> <!-- Suite -->
</testng-results>
